<?xml version="1.0" encoding="UTF-8"?>
<!-- Generated by org.testng.reporters.JUnitXMLReporter -->
<testsuite ignored="3" hostname="lenovo-PC" failures="1" tests="2" name="Test(failed)" time="27.624" errors="0" timestamp="2023-03-25T19:50:27 IST">
  <testcase classname="package1.timeWait1" name="searchBox" time="0.57"/>
  <testcase classname="package1.TestNG2" name="tittle" time="16.793">
    <failure type="java.lang.AssertionError" message="title is not expected expected [true] but found [false]">
      <![CDATA[java.lang.AssertionError: title is not expected expected [true] but found [false]
at package1.TestNG2.tittle(TestNG2.java:17)
at java.base/java.util.concurrent.ThreadPoolExecutor.runWorker(ThreadPoolExecutor.java:1136)
at java.base/java.util.concurrent.ThreadPoolExecutor$Worker.run(ThreadPoolExecutor.java:635)
at java.base/java.lang.Thread.run(Thread.java:833)
... Removed 13 stack frames]]>
    </failure>
  </testcase> <!-- tittle -->
  <testcase classname="package1.timeWait1" name="Box" time="0.0">
    <ignored/>
  </testcase> <!-- Box -->
  <testcase classname="package1.TestNG2" name="icon" time="0.0">
    <ignored/>
  </testcase> <!-- icon -->
  <testcase classname="package1.TestNG2" name="move" time="0.0">
    <ignored/>
  </testcase> <!-- move -->
</testsuite> <!-- Test(failed) -->
